This is pdfTeX, Version 3.1415926-1.40.11 (TeX Live 2010) (format=latex 2011.1.29)  27 JAN 2014 14:54
entering extended mode
 restricted \write18 enabled.
 file:line:error style messages enabled.
 %&-line parsing enabled.
**lensing.tex
(./lensing.tex
LaTeX2e <2009/09/24>
Babel <v3.8l> and hyphenation patterns for english, dumylang, nohyphenation, ge
rman-x-2009-06-19, ngerman-x-2009-06-19, afrikaans, ancientgreek, ibycus, arabi
c, armenian, basque, bulgarian, catalan, pinyin, coptic, croatian, czech, danis
h, dutch, ukenglish, usenglishmax, esperanto, estonian, ethiopic, farsi, finnis
h, french, galician, german, ngerman, swissgerman, monogreek, greek, hungarian,
 icelandic, assamese, bengali, gujarati, hindi, kannada, malayalam, marathi, or
iya, panjabi, tamil, telugu, indonesian, interlingua, irish, italian, kurmanji,
 lao, latin, latvian, lithuanian, mongolian, mongolianlmc, bokmal, nynorsk, pol
ish, portuguese, romanian, russian, sanskrit, serbian, slovak, slovenian, spani
sh, swedish, turkish, turkmen, ukrainian, uppersorbian, welsh, loaded.
(/usr/local/texlive/2010/texmf-dist/tex/latex/base/article.cls
Document Class: article 2007/10/19 v1.4h Standard LaTeX document class
(/usr/local/texlive/2010/texmf-dist/tex/latex/base/size10.clo
File: size10.clo 2007/10/19 v1.4h Standard LaTeX file (size option)
)
\c@part=\count79
\c@section=\count80
\c@subsection=\count81
\c@subsubsection=\count82
\c@paragraph=\count83
\c@subparagraph=\count84
\c@figure=\count85
\c@table=\count86
\abovecaptionskip=\skip41
\belowcaptionskip=\skip42
\bibindent=\dimen102
)
(/usr/local/texlive/2010/texmf-dist/tex/latex/amsmath/amsmath.sty
Package: amsmath 2000/07/18 v2.13 AMS math features
\@mathmargin=\skip43

For additional information on amsmath, use the `?' option.
(/usr/local/texlive/2010/texmf-dist/tex/latex/amsmath/amstext.sty
Package: amstext 2000/06/29 v2.01

(/usr/local/texlive/2010/texmf-dist/tex/latex/amsmath/amsgen.sty
File: amsgen.sty 1999/11/30 v2.0
\@emptytoks=\toks14
\ex@=\dimen103
))
(/usr/local/texlive/2010/texmf-dist/tex/latex/amsmath/amsbsy.sty
Package: amsbsy 1999/11/29 v1.2d
\pmbraise@=\dimen104
)
(/usr/local/texlive/2010/texmf-dist/tex/latex/amsmath/amsopn.sty
Package: amsopn 1999/12/14 v2.01 operator names
)
\inf@bad=\count87
LaTeX Info: Redefining \frac on input line 211.
\uproot@=\count88
\leftroot@=\count89
LaTeX Info: Redefining \overline on input line 307.
\classnum@=\count90
\DOTSCASE@=\count91
LaTeX Info: Redefining \ldots on input line 379.
LaTeX Info: Redefining \dots on input line 382.
LaTeX Info: Redefining \cdots on input line 467.
\Mathstrutbox@=\box26
\strutbox@=\box27
\big@size=\dimen105
LaTeX Font Info:    Redeclaring font encoding OML on input line 567.
LaTeX Font Info:    Redeclaring font encoding OMS on input line 568.
\macc@depth=\count92
\c@MaxMatrixCols=\count93
\dotsspace@=\muskip10
\c@parentequation=\count94
\dspbrk@lvl=\count95
\tag@help=\toks15
\row@=\count96
\column@=\count97
\maxfields@=\count98
\andhelp@=\toks16
\eqnshift@=\dimen106
\alignsep@=\dimen107
\tagshift@=\dimen108
\tagwidth@=\dimen109
\totwidth@=\dimen110
\lineht@=\dimen111
\@envbody=\toks17
\multlinegap=\skip44
\multlinetaggap=\skip45
\mathdisplay@stack=\toks18
LaTeX Info: Redefining \[ on input line 2666.
LaTeX Info: Redefining \] on input line 2667.
)
(/usr/local/texlive/2010/texmf-dist/tex/latex/amsfonts/amssymb.sty
Package: amssymb 2009/06/22 v3.00

(/usr/local/texlive/2010/texmf-dist/tex/latex/amsfonts/amsfonts.sty
Package: amsfonts 2009/06/22 v3.00 Basic AMSFonts support
\symAMSa=\mathgroup4
\symAMSb=\mathgroup5
LaTeX Font Info:    Overwriting math alphabet `\mathfrak' in version `bold'
(Font)                  U/euf/m/n --> U/euf/b/n on input line 96.
))
(/usr/local/texlive/2010/texmf-dist/tex/latex/amscls/amsthm.sty
Package: amsthm 2004/08/06 v2.20
\thm@style=\toks19
\thm@bodyfont=\toks20
\thm@headfont=\toks21
\thm@notefont=\toks22
\thm@headpunct=\toks23
\thm@preskip=\skip46
\thm@postskip=\skip47
\thm@headsep=\skip48
\dth@everypar=\toks24
)
(/usr/local/texlive/2010/texmf-dist/tex/latex/jknapltx/mathrsfs.sty
Package: mathrsfs 1996/01/01 Math RSFS package v1.0 (jk)
\symrsfs=\mathgroup6
)
(/usr/local/texlive/2010/texmf-dist/tex/latex/mh/mathtools.sty
Package: mathtools 2010/07/21 v1.08b mathematical typesetting tools (MH)

(/usr/local/texlive/2010/texmf-dist/tex/latex/graphics/keyval.sty
Package: keyval 1999/03/16 v1.13 key=value parser (DPC)
\KV@toks@=\toks25
)
(/usr/local/texlive/2010/texmf-dist/tex/latex/tools/calc.sty
Package: calc 2007/08/22 v4.3 Infix arithmetic (KKT,FJ)
\calc@Acount=\count99
\calc@Bcount=\count100
\calc@Adimen=\dimen112
\calc@Bdimen=\dimen113
\calc@Askip=\skip49
\calc@Bskip=\skip50
LaTeX Info: Redefining \setlength on input line 76.
LaTeX Info: Redefining \addtolength on input line 77.
\calc@Ccount=\count101
\calc@Cskip=\skip51
)
(/usr/local/texlive/2010/texmf-dist/tex/latex/mh/mhsetup.sty
Package: mhsetup 2010/01/21 v1.2a programming setup (MH)
)
\g_MT_multlinerow_int=\count102
\l_MT_multwidth_dim=\dimen114
)
(/usr/local/texlive/2010/texmf-dist/tex/latex/oberdiek/colonequals.sty
Package: colonequals 2006/08/01 v1.0 Colon equals symbols (HO)
)
(/usr/local/texlive/2010/texmf-dist/tex/latex/graphics/graphicx.sty
Package: graphicx 1999/02/16 v1.0f Enhanced LaTeX Graphics (DPC,SPQR)

(/usr/local/texlive/2010/texmf-dist/tex/latex/graphics/graphics.sty
Package: graphics 2009/02/05 v1.0o Standard LaTeX Graphics (DPC,SPQR)

(/usr/local/texlive/2010/texmf-dist/tex/latex/graphics/trig.sty
Package: trig 1999/03/16 v1.09 sin cos tan (DPC)
)
(/usr/local/texlive/2010/texmf-dist/tex/latex/latexconfig/graphics.cfg
File: graphics.cfg 2010/04/23 v1.9 graphics configuration of TeX Live
)
Package graphics Info: Driver file: dvips.def on input line 91.

(/usr/local/texlive/2010/texmf-dist/tex/latex/graphics/dvips.def
File: dvips.def 1999/02/16 v3.0i Driver-dependant file (DPC,SPQR)
))
\Gin@req@height=\dimen115
\Gin@req@width=\dimen116
)
(/usr/local/texlive/2010/texmf-dist/tex/latex/fancyhdr/fancyhdr.sty
\fancy@headwidth=\skip52
\f@ncyO@elh=\skip53
\f@ncyO@erh=\skip54
\f@ncyO@olh=\skip55
\f@ncyO@orh=\skip56
\f@ncyO@elf=\skip57
\f@ncyO@erf=\skip58
\f@ncyO@olf=\skip59
\f@ncyO@orf=\skip60
)
(/usr/local/texlive/2010/texmf-dist/tex/latex/multirow/multirow.sty
\bigstrutjot=\dimen117
)
(/usr/local/texlive/2010/texmf-dist/tex/latex/siunitx/siunitx.sty
(/usr/local/texlive/2010/texmf-dist/tex/latex/expl3/expl3.sty
(/usr/local/texlive/2010/texmf-dist/tex/latex/expl3/l3names.sty
Package: l3names 2011/01/08 v2122 L3 Experimental Naming Scheme for TeX Primiti
ves
)
Package: expl3 2010/11/13 v2083 L3 Experimental code bundle wrapper

(/usr/local/texlive/2010/texmf-dist/tex/latex/etex-pkg/etex.sty
Package: etex 1998/03/26 v2.0 eTeX basic definition package (PEB)
\et@xins=\count103
)
(/usr/local/texlive/2010/texmf-dist/tex/latex/expl3/l3basics.sty
Package: l3basics 2010/10/03 v2063 L3 Experimental basic definitions
)
(/usr/local/texlive/2010/texmf-dist/tex/latex/expl3/l3expan.sty
Package: l3expan 2010/09/20 v2037 L3 Experimental Argument Expansion module
)
(/usr/local/texlive/2010/texmf-dist/tex/latex/expl3/l3tl.sty
Package: l3tl 2011/01/26 v2138 L3 Experimental Token Lists
)
(/usr/local/texlive/2010/texmf-dist/tex/latex/expl3/l3int.sty
Package: l3int 2011/01/07 v2121 L3 Experimental Integer module
\l_tmpa_int=\count104
\l_tmpb_int=\count105
\l_tmpc_int=\count106
\g_tmpa_int=\count107
\g_tmpb_int=\count108
\c_max_int=\count109
\g_tl_inline_level_int=\count110
)
(/usr/local/texlive/2010/texmf-dist/tex/latex/expl3/l3quark.sty
Package: l3quark 2010/09/20 v2036 L3 Experimental Quark Commands
)
(/usr/local/texlive/2010/texmf-dist/tex/latex/expl3/l3seq.sty
Package: l3seq 2010/03/29 v1879 L3 Experimental sequences and stacks
)
(/usr/local/texlive/2010/texmf-dist/tex/latex/expl3/l3toks.sty
Package: l3toks 2010/09/20 v2037 L3 Experimental Token Registers
\l_tmpb_toks=\toks26
\l_tmpc_toks=\toks27
\g_tmpa_toks=\toks28
\g_tmpb_toks=\toks29
\g_tmpc_toks=\toks30
\c_empty_toks=\toks31
\l_tl_replace_toks=\toks32
)
(/usr/local/texlive/2010/texmf-dist/tex/latex/expl3/l3prg.sty
Package: l3prg 2011/01/07 v2121 L3 Experimental control structures
\g_prg_inline_level_int=\count111
)
(/usr/local/texlive/2010/texmf-dist/tex/latex/expl3/l3clist.sty
Package: l3clist 2010/10/09 v2071 L3 Experimental comma separated lists
\g_clist_map_inline_int=\count112
)
(/usr/local/texlive/2010/texmf-dist/tex/latex/expl3/l3token.sty
Package: l3token 2010/10/03 v2063 L3 Experimental token investigation and manip
ulation
)
(/usr/local/texlive/2010/texmf-dist/tex/latex/expl3/l3prop.sty
Package: l3prop 2010/11/23 v2087 L3 Experimental Property Lists
\g_prop_inline_level_int=\count113
)
(/usr/local/texlive/2010/texmf-dist/tex/latex/expl3/l3msg.sty
Package: l3msg 2010/10/02 v2052 L3 Experimental LaTeX Messages module
\l_msg_redirect_classes_prop=\toks33
\l_msg_redirect_names_prop=\toks34
\l_msg_redirect_fatal_prop=\toks35
\l_msg_redirect_error_prop=\toks36
\l_msg_redirect_warning_prop=\toks37
\l_msg_redirect_info_prop=\toks38
\l_msg_redirect_log_prop=\toks39
\l_msg_redirect_trace_prop=\toks40
\l_msg_redirect_none_prop=\toks41
)
(/usr/local/texlive/2010/texmf-dist/tex/latex/expl3/l3io.sty
Package: l3io 2010/10/03 v2063 L3 Experimental i/o module
\g_iow_streams_prop=\toks42
\g_ior_streams_prop=\toks43
\l_iow_stream_int=\count114
)
(/usr/local/texlive/2010/texmf-dist/tex/latex/expl3/l3skip.sty
Package: l3skip 2011/01/07 v2121 L3 Experimental skip registers
\l_tmpa_skip=\skip61
\l_tmpb_skip=\skip62
\l_tmpc_skip=\skip63
\g_tmpa_skip=\skip64
\g_tmpb_skip=\skip65
\l_tmpa_dim=\dimen118
\l_tmpb_dim=\dimen119
\l_tmpc_dim=\dimen120
\l_tmpd_dim=\dimen121
\g_tmpa_dim=\dimen122
\g_tmpb_dim=\dimen123
)
(/usr/local/texlive/2010/texmf-dist/tex/latex/expl3/l3box.sty
Package: l3box 2010/09/26 v2048 L3 Experimental Box module
\l_tmpb_box=\box28
)
(/usr/local/texlive/2010/texmf-dist/tex/latex/expl3/l3keyval.sty
Package: l3keyval 2010/04/11 v1890 L3 Experimental keyval processing
\l_KV_level_int=\count115
)
(/usr/local/texlive/2010/texmf-dist/tex/latex/expl3/l3keys.sty
Package: l3keys 2010/11/11 v2082 L3 Experimental key-value support
\l_keys_choice_int=\count116
)
(/usr/local/texlive/2010/texmf-dist/tex/latex/expl3/l3precom.sty
Package: l3precom 2010/02/09 v1793 L3 Experimental precompilation module
\g_gen_sym_int=\count117
\g_ggen_sym_int=\count118
)
(/usr/local/texlive/2010/texmf-dist/tex/latex/expl3/l3xref.sty
Package: l3xref 2010/02/09 v1786 L3 Experimental cross referencing
\g_xref_all_curr_immediate_fields_prop=\toks44
\g_xref_all_curr_deferred_fields_prop=\toks45
)
(/usr/local/texlive/2010/texmf-dist/tex/latex/expl3/l3file.sty
Package: l3file 2010/03/21 v1853 L3 Experimental file loading
)
(/usr/local/texlive/2010/texmf-dist/tex/latex/expl3/l3fp.sty
Package: l3fp 2011/01/10 v2129 L3 Experimental floating-point operations
\c_one_million=\count119
\c_one_hundred_million=\count120
\c_five_hundred_million=\count121
\c_one_thousand_million=\count122
\c_fp_pi_by_four_decimal_int=\count123
\c_fp_pi_by_four_extended_int=\count124
\c_fp_pi_decimal_int=\count125
\c_fp_pi_extended_int=\count126
\c_fp_two_pi_decimal_int=\count127
\c_fp_two_pi_extended_int=\count128
\l_fp_count_int=\count129
\l_fp_div_offset_int=\count130
\l_fp_exp_integer_int=\count131
\l_fp_exp_decimal_int=\count132
\l_fp_exp_extended_int=\count133
\l_fp_exp_exponent_int=\count134
\l_fp_input_a_sign_int=\count135
\l_fp_input_a_integer_int=\count136
\l_fp_input_a_decimal_int=\count137
\l_fp_input_a_exponent_int=\count138
\l_fp_input_b_sign_int=\count139
\l_fp_input_b_integer_int=\count140
\l_fp_input_b_decimal_int=\count141
\l_fp_input_b_exponent_int=\count142
\l_fp_input_a_extended_int=\count143
\l_fp_input_b_extended_int=\count144
\l_fp_mul_a_i_int=\count145
\l_fp_mul_a_ii_int=\count146
\l_fp_mul_a_iii_int=\count147
\l_fp_mul_a_iv_int=\count148
\l_fp_mul_a_v_int=\count149
\l_fp_mul_a_vi_int=\count150
\l_fp_mul_b_i_int=\count151
\l_fp_mul_b_ii_int=\count152
\l_fp_mul_b_iii_int=\count153
\l_fp_mul_b_iv_int=\count154
\l_fp_mul_b_v_int=\count155
\l_fp_mul_b_vi_int=\count156
\l_fp_mul_output_int=\count157
\l_fp_output_sign_int=\count158
\l_fp_output_integer_int=\count159
\l_fp_output_decimal_int=\count160
\l_fp_output_exponent_int=\count161
\l_fp_output_extended_int=\count162
\l_fp_round_position_int=\count163
\l_fp_round_target_int=\count164
\l_fp_split_sign_int=\count165
\l_fp_tmp_int=\count166
\l_fp_trig_octant_int=\count167
\l_fp_trig_sign_int=\count168
\l_fp_trig_decimal_int=\count169
\l_fp_trig_extended_int=\count170
\l_fp_tmp_dim=\dimen124
\l_fp_tmp_skip=\skip66
)
(/usr/local/texlive/2010/texmf-dist/tex/latex/expl3/l3luatex.sty
Package: l3luatex 2010/07/18 v1985 L3 Experimental LuaTeX functions
\g_cctab_allocate_int=\count171
\g_cctab_stack_int=\count172
))
Package: siunitx 2011/01/27 v2.1i A comprehensive (SI) units package

(/usr/local/texlive/2010/texmf-dist/tex/latex/xpackages/xbase/xparse.sty
Package: xparse 2011/01/23 v2136 Generic document command parser
\c_xparse_shorthands_prop=\toks46
\l_xparse_m_args_int=\count173
\l_xparse_mandatory_args_int=\count174
\l_xparse_processor_int=\count175
\l_xparse_total_args_int=\count176
)
(/usr/local/texlive/2010/texmf-dist/tex/latex/tools/array.sty
Package: array 2008/09/09 v2.4c Tabular extension package (FMi)
\col@sep=\dimen125
\extrarowheight=\dimen126
\NC@list=\toks47
\extratabsurround=\skip67
\backup@length=\skip68
)
(/usr/local/texlive/2010/texmf-dist/tex/latex/xpackages/xtras/l3keys2e.sty
Package: l3keys2e 2010/10/13 v2076 Parsing LaTeX3 keyvals as LaTeX2e package op
tions
)
\l_siunitx_tmp_box=\box29
\l_siunitx_tmp_int=\count177
\l_siunitx_number_in_prop=\toks48
\l_siunitx_round_int=\count178
\l_siunitx_process_decimal_int=\count179
\l_siunitx_process_uncertainty_int=\count180
\l_siunitx_process_fixed_int=\count181
\l_siunitx_process_precision_int=\count182
\l_siunitx_number_out_prop=\toks49
\l_siunitx_angle_marker_box=\box30
\l_siunitx_angle_unit_box=\box31
\l_siunitx_angle_marker_dim=\dimen127
\l_siunitx_angle_unit_dim=\dimen128
\l_siunitx_angle_degree_prop=\toks50
\l_siunitx_angle_minute_prop=\toks51
\l_siunitx_angle_second_prop=\toks52
\l_siunitx_unit_int=\count183
\l_siunitx_unit_prop=\toks53
\l_siunitx_unit_denominator_int=\count184
\l_siunitx_unit_numerator_int=\count185
\l_siunitx_unit_prefix_int=\count186
\l_siunitx_unit_prefix_base_int=\count187
\l_siunitx_unit_prefix_gram_int=\count188
\l_siunitx_number_product_int=\count189
\c_siunitx_one_fill_skip=\skip69
\c_siunitx_table_correction_skip=\skip70
\l_siunitx_table_unit_align_skip=\skip71
\l_siunitx_table_fill_box=\box32
\l_siunitx_table_fill_dim=\dimen129
\l_siunitx_table_pre_box=\box33
\l_siunitx_table_post_box=\box34
\l_siunitx_table_result_box=\box35
\l_siunitx_table_comparator_dim=\dimen130
\l_siunitx_table_decimal_dim=\dimen131
\l_siunitx_table_exponent_dim=\dimen132
\l_siunitx_table_integer_dim=\dimen133
\l_siunitx_table_mantissa_dim=\dimen134
\l_siunitx_table_marker_dim=\dimen135
\l_siunitx_table_result_dim=\dimen136
\l_siunitx_table_uncert_dim=\dimen137
\l_siunitx_table_gap_dim=\dimen138
\l_siunitx_table_model_prop=\toks54
\l_siunitx_table_space_dim=\dimen139
\l_siunitx_table_number_align_skip=\skip72
\l_siunitx_table_text_align_skip=\skip73
\l_siunitx_table_decimal_int=\count190
\l_siunitx_table_exponent_int=\count191
\l_siunitx_table_integer_int=\count192
\l_siunitx_table_uncert_int=\count193
 LaTeX info: Defining document command \ang
(LaTeX)  with arg. spec. 'o>{\SplitArgument {2}{;}}m' on line 6293.

 LaTeX info: Defining document command \num
(LaTeX)  with arg. spec. 'om' on line 6300.

 LaTeX info: Defining document command \numlist
(LaTeX)  with arg. spec. 'o>{\SplitList {;}}m' on line 6307.

 LaTeX info: Defining document command \numrange
(LaTeX)  with arg. spec. 'omm' on line 6314.

 LaTeX info: Defining document command \si
(LaTeX)  with arg. spec. 'om' on line 6324.

 LaTeX info: Defining document command \SIlist
(LaTeX)  with arg. spec. 'o>{\SplitList {;}}mm' on line 6334.

 LaTeX info: Defining document command \SIrange
(LaTeX)  with arg. spec. 'ommm' on line 6344.

 LaTeX info: Defining document command \SI
(LaTeX)  with arg. spec. 'omom' on line 6354.

 LaTeX info: Defining document command \sisetup
(LaTeX)  with arg. spec. 'm' on line 6357.

 LaTeX info: Defining document command \siunitx_bookmark_num:w
(LaTeX)  with arg. spec. 'om' on line 6393.

 LaTeX info: Defining document command \siunitx_bookmark_numrange:w
(LaTeX)  with arg. spec. 'omm' on line 6395.

 LaTeX info: Defining document command \siunitx_bookmark_si:w
(LaTeX)  with arg. spec. 'om' on line 6396.

 LaTeX info: Defining document command \siunitx_bookmark_SI:w
(LaTeX)  with arg. spec. 'omom' on line 6398.

 LaTeX info: Defining document command \siunitx_bookmark_SIrange:w
(LaTeX)  with arg. spec. 'ommm' on line 6400.

\g_ior_tmp_stream=\read1

(/usr/local/texlive/2010/texmf-dist/tex/latex/beamer/translator/translator.sty
Package: translator 2010/06/12 ver 1.10

(/usr/local/texlive/2010/texmf-dist/tex/latex/beamer/translator/translator-lang
uage-mappings.tex)))
(/usr/local/texlive/2010/texmf-dist/tex/latex/pgf/frontendlayer/tikz.sty
(/usr/local/texlive/2010/texmf-dist/tex/latex/pgf/basiclayer/pgf.sty
(/usr/local/texlive/2010/texmf-dist/tex/latex/pgf/utilities/pgfrcs.sty
(/usr/local/texlive/2010/texmf-dist/tex/generic/pgf/utilities/pgfutil-common.te
x
\pgfutil@everybye=\toks55
)
(/usr/local/texlive/2010/texmf-dist/tex/generic/pgf/utilities/pgfutil-latex.def
\pgfutil@abb=\box36
(/usr/local/texlive/2010/texmf-dist/tex/latex/ms/everyshi.sty
Package: everyshi 2001/05/15 v3.00 EveryShipout Package (MS)
))
(/usr/local/texlive/2010/texmf-dist/tex/generic/pgf/utilities/pgfrcs.code.tex
Package: pgfrcs 2010/10/25 v2.10 (rcs-revision 1.24)
))
Package: pgf 2008/01/15 v2.10 (rcs-revision 1.12)
(/usr/local/texlive/2010/texmf-dist/tex/latex/pgf/basiclayer/pgfcore.sty
(/usr/local/texlive/2010/texmf-dist/tex/latex/pgf/systemlayer/pgfsys.sty
(/usr/local/texlive/2010/texmf-dist/tex/generic/pgf/systemlayer/pgfsys.code.tex
Package: pgfsys 2010/06/30 v2.10 (rcs-revision 1.37)
(/usr/local/texlive/2010/texmf-dist/tex/generic/pgf/utilities/pgfkeys.code.tex
\pgfkeys@pathtoks=\toks56
\pgfkeys@temptoks=\toks57

(/usr/local/texlive/2010/texmf-dist/tex/generic/pgf/utilities/pgfkeysfiltered.c
ode.tex
\pgfkeys@tmptoks=\toks58
))
\pgf@x=\dimen140
\pgf@y=\dimen141
\pgf@xa=\dimen142
\pgf@ya=\dimen143
\pgf@xb=\dimen144
\pgf@yb=\dimen145
\pgf@xc=\dimen146
\pgf@yc=\dimen147
\w@pgf@writea=\write3
\r@pgf@reada=\read2
\c@pgf@counta=\count194
\c@pgf@countb=\count195
\c@pgf@countc=\count196
\c@pgf@countd=\count197

(/usr/local/texlive/2010/texmf-dist/tex/generic/pgf/systemlayer/pgf.cfg
File: pgf.cfg 2008/05/14  (rcs-revision 1.7)
)
Package pgfsys Info: Driver file for pgf: pgfsys-dvips.def on input line 900.

(/usr/local/texlive/2010/texmf-dist/tex/generic/pgf/systemlayer/pgfsys-dvips.de
f
File: pgfsys-dvips.def 2008/04/03  (rcs-revision 1.20)

(/usr/local/texlive/2010/texmf-dist/tex/generic/pgf/systemlayer/pgfsys-common-p
ostscript.def
File: pgfsys-common-postscript.def 2008/10/01  (rcs-revision 1.22)
\pgf@objectcount=\count198
)))
(/usr/local/texlive/2010/texmf-dist/tex/generic/pgf/systemlayer/pgfsyssoftpath.
code.tex
File: pgfsyssoftpath.code.tex 2008/07/18  (rcs-revision 1.7)
\pgfsyssoftpath@smallbuffer@items=\count199
\pgfsyssoftpath@bigbuffer@items=\count200
)
(/usr/local/texlive/2010/texmf-dist/tex/generic/pgf/systemlayer/pgfsysprotocol.
code.tex
File: pgfsysprotocol.code.tex 2006/10/16  (rcs-revision 1.4)
)) (/usr/local/texlive/2010/texmf-dist/tex/latex/xcolor/xcolor.sty
Package: xcolor 2007/01/21 v2.11 LaTeX color extensions (UK)

(/usr/local/texlive/2010/texmf-dist/tex/latex/latexconfig/color.cfg
File: color.cfg 2007/01/18 v1.5 color configuration of teTeX/TeXLive
)
Package xcolor Info: Driver file: dvips.def on input line 225.
Package xcolor Info: Model `cmy' substituted by `cmy0' on input line 1337.
Package xcolor Info: Model `RGB' extended on input line 1353.
Package xcolor Info: Model `HTML' substituted by `rgb' on input line 1355.
Package xcolor Info: Model `Hsb' substituted by `hsb' on input line 1356.
Package xcolor Info: Model `tHsb' substituted by `hsb' on input line 1357.
Package xcolor Info: Model `HSB' substituted by `hsb' on input line 1358.
Package xcolor Info: Model `Gray' substituted by `gray' on input line 1359.
Package xcolor Info: Model `wave' substituted by `hsb' on input line 1360.
)
(/usr/local/texlive/2010/texmf-dist/tex/generic/pgf/basiclayer/pgfcore.code.tex
Package: pgfcore 2010/04/11 v2.10 (rcs-revision 1.7)
(/usr/local/texlive/2010/texmf-dist/tex/generic/pgf/math/pgfmath.code.tex
(/usr/local/texlive/2010/texmf-dist/tex/generic/pgf/math/pgfmathcalc.code.tex
(/usr/local/texlive/2010/texmf-dist/tex/generic/pgf/math/pgfmathutil.code.tex)
(/usr/local/texlive/2010/texmf-dist/tex/generic/pgf/math/pgfmathparser.code.tex
\pgfmath@dimen=\dimen148
\pgfmath@count=\count201
\pgfmath@box=\box37
\pgfmath@toks=\toks59
\pgfmath@stack@operand=\toks60
\pgfmath@stack@operation=\toks61
)
(/usr/local/texlive/2010/texmf-dist/tex/generic/pgf/math/pgfmathfunctions.code.
tex
(/usr/local/texlive/2010/texmf-dist/tex/generic/pgf/math/pgfmathfunctions.basic
.code.tex)
(/usr/local/texlive/2010/texmf-dist/tex/generic/pgf/math/pgfmathfunctions.trigo
nometric.code.tex)
(/usr/local/texlive/2010/texmf-dist/tex/generic/pgf/math/pgfmathfunctions.rando
m.code.tex)
(/usr/local/texlive/2010/texmf-dist/tex/generic/pgf/math/pgfmathfunctions.compa
rison.code.tex)
(/usr/local/texlive/2010/texmf-dist/tex/generic/pgf/math/pgfmathfunctions.base.
code.tex)
(/usr/local/texlive/2010/texmf-dist/tex/generic/pgf/math/pgfmathfunctions.round
.code.tex)
(/usr/local/texlive/2010/texmf-dist/tex/generic/pgf/math/pgfmathfunctions.misc.
code.tex)))
(/usr/local/texlive/2010/texmf-dist/tex/generic/pgf/math/pgfmathfloat.code.tex
Normal \count register pool exhausted, switching to extended pool.
\c@pgfmathroundto@lastzeros=\count277
))
(/usr/local/texlive/2010/texmf-dist/tex/generic/pgf/basiclayer/pgfcorepoints.co
de.tex
File: pgfcorepoints.code.tex 2010/04/09  (rcs-revision 1.20)
\pgf@picminx=\dimen149
\pgf@picmaxx=\dimen150
\pgf@picminy=\dimen151
\pgf@picmaxy=\dimen152
\pgf@pathminx=\dimen153
\pgf@pathmaxx=\dimen154
\pgf@pathminy=\dimen155
\pgf@pathmaxy=\dimen156
\pgf@xx=\dimen157
\pgf@xy=\dimen158
\pgf@yx=\dimen159
\pgf@yy=\dimen160
\pgf@zx=\dimen161
\pgf@zy=\dimen162
)
(/usr/local/texlive/2010/texmf-dist/tex/generic/pgf/basiclayer/pgfcorepathconst
ruct.code.tex
File: pgfcorepathconstruct.code.tex 2010/08/03  (rcs-revision 1.24)
\pgf@path@lastx=\dimen163
\pgf@path@lasty=\dimen164
)
(/usr/local/texlive/2010/texmf-dist/tex/generic/pgf/basiclayer/pgfcorepathusage
.code.tex
File: pgfcorepathusage.code.tex 2008/04/22  (rcs-revision 1.12)
\pgf@shorten@end@additional=\dimen165
\pgf@shorten@start@additional=\dimen166
)
(/usr/local/texlive/2010/texmf-dist/tex/generic/pgf/basiclayer/pgfcorescopes.co
de.tex
File: pgfcorescopes.code.tex 2010/09/08  (rcs-revision 1.34)
\pgfpic=\box38
\pgf@hbox=\box39
\pgf@layerbox@main=\box40
\pgf@picture@serial@count=\count278
)
(/usr/local/texlive/2010/texmf-dist/tex/generic/pgf/basiclayer/pgfcoregraphicst
ate.code.tex
File: pgfcoregraphicstate.code.tex 2008/04/22  (rcs-revision 1.9)
\pgflinewidth=\dimen167
)
(/usr/local/texlive/2010/texmf-dist/tex/generic/pgf/basiclayer/pgfcoretransform
ations.code.tex
File: pgfcoretransformations.code.tex 2009/06/10  (rcs-revision 1.11)
\pgf@pt@x=\dimen168
\pgf@pt@y=\dimen169
\pgf@pt@temp=\dimen170
)
(/usr/local/texlive/2010/texmf-dist/tex/generic/pgf/basiclayer/pgfcorequick.cod
e.tex
File: pgfcorequick.code.tex 2008/10/09  (rcs-revision 1.3)
)
(/usr/local/texlive/2010/texmf-dist/tex/generic/pgf/basiclayer/pgfcoreobjects.c
ode.tex
File: pgfcoreobjects.code.tex 2006/10/11  (rcs-revision 1.2)
)
(/usr/local/texlive/2010/texmf-dist/tex/generic/pgf/basiclayer/pgfcorepathproce
ssing.code.tex
File: pgfcorepathprocessing.code.tex 2008/10/09  (rcs-revision 1.8)
)
(/usr/local/texlive/2010/texmf-dist/tex/generic/pgf/basiclayer/pgfcorearrows.co
de.tex
File: pgfcorearrows.code.tex 2008/04/23  (rcs-revision 1.11)
)
(/usr/local/texlive/2010/texmf-dist/tex/generic/pgf/basiclayer/pgfcoreshade.cod
e.tex
File: pgfcoreshade.code.tex 2008/11/23  (rcs-revision 1.13)
\pgf@max=\dimen171
\pgf@sys@shading@range@num=\count279
)
(/usr/local/texlive/2010/texmf-dist/tex/generic/pgf/basiclayer/pgfcoreimage.cod
e.tex
File: pgfcoreimage.code.tex 2010/03/25  (rcs-revision 1.16)

(/usr/local/texlive/2010/texmf-dist/tex/generic/pgf/basiclayer/pgfcoreexternal.
code.tex
File: pgfcoreexternal.code.tex 2010/09/01  (rcs-revision 1.17)
\pgfexternal@startupbox=\box41
))
(/usr/local/texlive/2010/texmf-dist/tex/generic/pgf/basiclayer/pgfcorelayers.co
de.tex
File: pgfcorelayers.code.tex 2010/08/27  (rcs-revision 1.2)
)
(/usr/local/texlive/2010/texmf-dist/tex/generic/pgf/basiclayer/pgfcoretranspare
ncy.code.tex
File: pgfcoretransparency.code.tex 2008/01/17  (rcs-revision 1.2)
)
(/usr/local/texlive/2010/texmf-dist/tex/generic/pgf/basiclayer/pgfcorepatterns.
code.tex
File: pgfcorepatterns.code.tex 2009/07/02  (rcs-revision 1.3)
)))
(/usr/local/texlive/2010/texmf-dist/tex/generic/pgf/modules/pgfmoduleshapes.cod
e.tex
File: pgfmoduleshapes.code.tex 2010/09/09  (rcs-revision 1.13)
\pgfnodeparttextbox=\box42
)
(/usr/local/texlive/2010/texmf-dist/tex/generic/pgf/modules/pgfmoduleplot.code.
tex
File: pgfmoduleplot.code.tex 2010/10/22  (rcs-revision 1.8)
)
(/usr/local/texlive/2010/texmf-dist/tex/latex/pgf/compatibility/pgfcomp-version
-0-65.sty
Package: pgfcomp-version-0-65 2007/07/03 v2.10 (rcs-revision 1.7)
\pgf@nodesepstart=\dimen172
\pgf@nodesepend=\dimen173
)
(/usr/local/texlive/2010/texmf-dist/tex/latex/pgf/compatibility/pgfcomp-version
-1-18.sty
Package: pgfcomp-version-1-18 2007/07/23 v2.10 (rcs-revision 1.1)
))
(/usr/local/texlive/2010/texmf-dist/tex/latex/pgf/utilities/pgffor.sty
(/usr/local/texlive/2010/texmf-dist/tex/latex/pgf/utilities/pgfkeys.sty
(/usr/local/texlive/2010/texmf-dist/tex/generic/pgf/utilities/pgfkeys.code.tex)
) (/usr/local/texlive/2010/texmf-dist/tex/generic/pgf/utilities/pgffor.code.tex
Package: pgffor 2010/03/23 v2.10 (rcs-revision 1.18)
\pgffor@iter=\dimen174
\pgffor@skip=\dimen175
\pgffor@stack=\toks62
\pgffor@toks=\toks63
))
(/usr/local/texlive/2010/texmf-dist/tex/generic/pgf/frontendlayer/tikz/tikz.cod
e.tex
Package: tikz 2010/10/13 v2.10 (rcs-revision 1.76)

(/usr/local/texlive/2010/texmf-dist/tex/generic/pgf/libraries/pgflibraryplothan
dlers.code.tex
File: pgflibraryplothandlers.code.tex 2010/05/31 v2.10 (rcs-revision 1.15)
\pgf@plot@mark@count=\count280
\pgfplotmarksize=\dimen176
)
\tikz@lastx=\dimen177
\tikz@lasty=\dimen178
\tikz@lastxsaved=\dimen179
\tikz@lastysaved=\dimen180
\tikzleveldistance=\dimen181
\tikzsiblingdistance=\dimen182
\tikz@figbox=\box43
\tikz@tempbox=\box44
\tikztreelevel=\count281
\tikznumberofchildren=\count282
\tikznumberofcurrentchild=\count283
\tikz@fig@count=\count284

(/usr/local/texlive/2010/texmf-dist/tex/generic/pgf/modules/pgfmodulematrix.cod
e.tex
File: pgfmodulematrix.code.tex 2010/08/24  (rcs-revision 1.4)
\pgfmatrixcurrentrow=\count285
\pgfmatrixcurrentcolumn=\count286
\pgf@matrix@numberofcolumns=\count287
)
\tikz@expandcount=\count288

(/usr/local/texlive/2010/texmf-dist/tex/generic/pgf/frontendlayer/tikz/librarie
s/tikzlibrarytopaths.code.tex
File: tikzlibrarytopaths.code.tex 2008/06/17 v2.10 (rcs-revision 1.2)
)))
(/usr/local/texlive/2010/texmf-dist/tex/latex/preprint/fullpage.sty
Package: fullpage 1999/02/23 1.1 (PWD)
\FP@margin=\skip74
)
\c@thm=\count289
\c@cl=\count290
\c@ex=\count291

(./lensing.aux)
\openout1 = `lensing.aux'.

LaTeX Font Info:    Checking defaults for OML/cmm/m/it on input line 95.
LaTeX Font Info:    ... okay on input line 95.
LaTeX Font Info:    Checking defaults for T1/cmr/m/n on input line 95.
LaTeX Font Info:    ... okay on input line 95.
LaTeX Font Info:    Checking defaults for OT1/cmr/m/n on input line 95.
LaTeX Font Info:    ... okay on input line 95.
LaTeX Font Info:    Checking defaults for OMS/cmsy/m/n on input line 95.
LaTeX Font Info:    ... okay on input line 95.
LaTeX Font Info:    Checking defaults for OMX/cmex/m/n on input line 95.
LaTeX Font Info:    ... okay on input line 95.
LaTeX Font Info:    Checking defaults for U/cmr/m/n on input line 95.
LaTeX Font Info:    ... okay on input line 95.

(/usr/local/texlive/2010/texmf-dist/tex/latex/beamer/translator/dicts/translato
r-basic-dictionary/translator-basic-dictionary-English.dict
Dictionary: translator-basic-dictionary, Language: English 
)
ABD: EveryShipout initializing macros
\c_siunitx_mathsf_int=\count292
LaTeX Font Info:    Try loading font information for U+msa on input line 95.

(/usr/local/texlive/2010/texmf-dist/tex/latex/amsfonts/umsa.fd
File: umsa.fd 2009/06/22 v3.00 AMS symbols A
)
LaTeX Font Info:    Try loading font information for U+msb on input line 95.

(/usr/local/texlive/2010/texmf-dist/tex/latex/amsfonts/umsb.fd
File: umsb.fd 2009/06/22 v3.00 AMS symbols B
)
LaTeX Font Info:    Try loading font information for U+rsfs on input line 95.

(/usr/local/texlive/2010/texmf-dist/tex/latex/jknapltx/ursfs.fd
File: ursfs.fd 1998/03/24 rsfs font definition file (jk)
)
\c_siunitx_mathtt_int=\count293
File: ../images/lensing_formalism.eps Graphic file (type eps)

<../images/lensing_formalism.eps>

Package Fancyhdr Warning: \headheight is too small (12.0pt): 
 Make it at least 22.54448pt.
 We now make it that large for the rest of the document.
 This may cause the page layout to be inconsistent, however.

[1

]

Package Fancyhdr Warning: \headheight is too small (12.0pt): 
 Make it at least 22.54448pt.
 We now make it that large for the rest of the document.
 This may cause the page layout to be inconsistent, however.

[2]
File: ../images/NFW_Profile.eps Graphic file (type eps)
 <../images/NFW_Profile.eps>

Package Fancyhdr Warning: \headheight is too small (12.0pt): 
 Make it at least 22.54448pt.
 We now make it that large for the rest of the document.
 This may cause the page layout to be inconsistent, however.

[3]

Package Fancyhdr Warning: \headheight is too small (12.0pt): 
 Make it at least 22.54448pt.
 We now make it that large for the rest of the document.
 This may cause the page layout to be inconsistent, however.

[4] (./lensing.bbl)

Package Fancyhdr Warning: \headheight is too small (12.0pt): 
 Make it at least 22.54448pt.
 We now make it that large for the rest of the document.
 This may cause the page layout to be inconsistent, however.

[5] (./lensing.aux) ) 
Here is how much of TeX's memory you used:
 17123 strings out of 493764
 351592 string characters out of 3144977
 349040 words of memory out of 3000000
 20086 multiletter control sequences out of 15000+200000
 15316 words of font info for 61 fonts, out of 3000000 for 9000
 715 hyphenation exceptions out of 8191
 56i,19n,55p,724b,287s stack positions out of 5000i,500n,10000p,200000b,50000s

Output written on lensing.dvi (5 pages, 30760 bytes).
